Running: d:\Xilinx\14.7\ISE_DS\ISE\bin\nt64\unwrapped\fuse.exe -intstyle ise -incremental -lib secureip -o E:/Xilinx/Pendulum_Actor_Critic_RL/Pendulum_Actor_Critic_RL/ReplayBuffer_tb_isim_beh.exe -prj E:/Xilinx/Pendulum_Actor_Critic_RL/Pendulum_Actor_Critic_RL/ReplayBuffer_tb_beh.prj work.ReplayBuffer_tb 
ISim P.20131013 (signature 0x7708f090)
Number of CPUs detected in this system: 4
Turning on mult-threading, number of parallel sub-compilation jobs: 8 
Determining compilation order of HDL files
Parsing VHDL file "E:/Xilinx/Pendulum_Actor_Critic_RL/Pendulum_Actor_Critic_RL/ipcore_dir/ReplayBuffer.vhd" into library work
Parsing VHDL file "E:/Xilinx/Pendulum_Actor_Critic_RL/Pendulum_Actor_Critic_RL/ReplayBuffer_tb.vhd" into library work
Starting static elaboration
Completed static elaboration
Compiling package standard
Compiling package std_logic_1164
Compiling package std_logic_arith
Compiling package std_logic_unsigned
Compiling package textio
Compiling package std_logic_textio
Compiling architecture output_stage_behavioral of entity BLK_MEM_GEN_V7_3_output_stage [\BLK_MEM_GEN_V7_3_output_stage("...]
Compiling architecture softecc_output_reg_stage_behavioral of entity BLK_MEM_GEN_V7_3_softecc_output_reg_stage [\BLK_MEM_GEN_V7_3_softecc_output...]
Compiling architecture mem_module_behavioral of entity BLK_MEM_GEN_V7_3_mem_module [\BLK_MEM_GEN_V7_3_mem_module("bl...]
Compiling architecture behavioral of entity BLK_MEM_GEN_V7_3 [\BLK_MEM_GEN_V7_3("blk_mem_gen_v...]
Compiling architecture replaybuffer_a of entity ReplayBuffer [replaybuffer_default]
Compiling architecture behavior of entity replaybuffer_tb
Time Resolution for simulation is 1ps.
Waiting for 4 sub-compilation(s) to finish...
Compiled 17 VHDL Units
Built simulation executable E:/Xilinx/Pendulum_Actor_Critic_RL/Pendulum_Actor_Critic_RL/ReplayBuffer_tb_isim_beh.exe
Fuse Memory Usage: 37524 KB
Fuse CPU Usage: 1060 ms
