Release 14.7 - xst P.20131013 (nt64)
Copyright (c) 1995-2013 Xilinx, Inc.  All rights reserved.
--> Parameter TMPDIR set to xst/projnav.tmp


Total REAL time to Xst completion: 0.00 secs
Total CPU time to Xst completion: 0.18 secs
 
--> Parameter xsthdpdir set to xst


Total REAL time to Xst completion: 0.00 secs
Total CPU time to Xst completion: 0.18 secs
 
--> Reading design: ram_sp_ar_sw.prj

TABLE OF CONTENTS
  1) Synthesis Options Summary
  2) HDL Parsing
  3) HDL Elaboration
  4) HDL Synthesis
       4.1) HDL Synthesis Report
  5) Advanced HDL Synthesis
       5.1) Advanced HDL Synthesis Report
  6) Low Level Synthesis
  7) Partition Report
  8) Design Summary
       8.1) Primitive and Black Box Usage
       8.2) Device utilization summary
       8.3) Partition Resource Summary
       8.4) Timing Report
            8.4.1) Clock Information
            8.4.2) Asynchronous Control Signals Information
            8.4.3) Timing Summary
            8.4.4) Timing Details
            8.4.5) Cross Clock Domains Report


=========================================================================
*                      Synthesis Options Summary                        *
=========================================================================
---- Source Parameters
Input File Name                    : "ram_sp_ar_sw.prj"
Ignore Synthesis Constraint File   : NO

---- Target Parameters
Output File Name                   : "ram_sp_ar_sw"
Output Format                      : NGC
Target Device                      : xc6slx9-2-tqg144

---- Source Options
Top Module Name                    : ram_sp_ar_sw
Automatic FSM Extraction           : YES
FSM Encoding Algorithm             : Auto
Safe Implementation                : No
FSM Style                          : LUT
RAM Extraction                     : Yes
RAM Style                          : Auto
ROM Extraction                     : Yes
Shift Register Extraction          : YES
ROM Style                          : Auto
Resource Sharing                   : YES
Asynchronous To Synchronous        : NO
Shift Register Minimum Size        : 2
Use DSP Block                      : Auto
Automatic Register Balancing       : No

---- Target Options
LUT Combining                      : Auto
Reduce Control Sets                : Auto
Add IO Buffers                     : YES
Global Maximum Fanout              : 100000
Add Generic Clock Buffer(BUFG)     : 16
Register Duplication               : YES
Optimize Instantiated Primitives   : NO
Use Clock Enable                   : Auto
Use Synchronous Set                : Auto
Use Synchronous Reset              : Auto
Pack IO Registers into IOBs        : Auto
Equivalent register Removal        : YES

---- General Options
Optimization Goal                  : Speed
Optimization Effort                : 1
Power Reduction                    : NO
Keep Hierarchy                     : No
Netlist Hierarchy                  : As_Optimized
RTL Output                         : Yes
Global Optimization                : AllClockNets
Read Cores                         : YES
Write Timing Constraints           : NO
Cross Clock Analysis               : NO
Hierarchy Separator                : /
Bus Delimiter                      : <>
Case Specifier                     : Maintain
Slice Utilization Ratio            : 100
BRAM Utilization Ratio             : 100
DSP48 Utilization Ratio            : 100
Auto BRAM Packing                  : NO
Slice Utilization Ratio Delta      : 5

=========================================================================


=========================================================================
*                          HDL Parsing                                  *
=========================================================================
Parsing VHDL file "E:\Xilinx\ASIC_World_Code\ram_sp_sr_sw.vhd" into library work
Parsing entity <ram_sp_ar_sw>.
Parsing architecture <rtl> of entity <ram_sp_ar_sw>.

=========================================================================
*                            HDL Elaboration                            *
=========================================================================

Elaborating entity <ram_sp_ar_sw> (architecture <rtl>) with generics from library <work>.

=========================================================================
*                           HDL Synthesis                               *
=========================================================================

Synthesizing Unit <ram_sp_ar_sw>.
    Related source file is "E:\Xilinx\ASIC_World_Code\ram_sp_sr_sw.vhd".
        DATA_WIDTH = 8
        ADDR_WIDTH = 8
    Found 256x8-bit single-port RAM <Mram_mem> for signal <mem>.
    Found 8-bit register for signal <data_out>.
    Found 1-bit tristate buffer for signal <data<7>> created at line 40
    Found 1-bit tristate buffer for signal <data<6>> created at line 40
    Found 1-bit tristate buffer for signal <data<5>> created at line 40
    Found 1-bit tristate buffer for signal <data<4>> created at line 40
    Found 1-bit tristate buffer for signal <data<3>> created at line 40
    Found 1-bit tristate buffer for signal <data<2>> created at line 40
    Found 1-bit tristate buffer for signal <data<1>> created at line 40
    Found 1-bit tristate buffer for signal <data<0>> created at line 40
    Summary:
	inferred   1 RAM(s).
	inferred   8 D-type flip-flop(s).
	inferred   8 Tristate(s).
Unit <ram_sp_ar_sw> synthesized.

=========================================================================
HDL Synthesis Report

Macro Statistics
# RAMs                                                 : 1
 256x8-bit single-port RAM                             : 1
# Registers                                            : 1
 8-bit register                                        : 1
# Tristates                                            : 8
 1-bit tristate buffer                                 : 8

=========================================================================

=========================================================================
*                       Advanced HDL Synthesis                          *
=========================================================================


Synthesizing (advanced) Unit <ram_sp_ar_sw>.
INFO:Xst:3218 - HDL ADVISOR - The RAM <Mram_mem> will be implemented on LUTs either because you have described an asynchronous read or because of currently unsupported block RAM features. If you have described an asynchronous read, making it synchronous would allow you to take advantage of available block RAM resources, for optimized device usage and improved timings. Please refer to your documentation for coding guidelines.
    -----------------------------------------------------------------------
    | ram_type           | Distributed                         |          |
    -----------------------------------------------------------------------
    | Port A                                                              |
    |     aspect ratio   | 256-word x 8-bit                    |          |
    |     clkA           | connected to signal <clk>           | rise     |
    |     weA            | connected to internal node          | high     |
    |     addrA          | connected to signal <address>       |          |
    |     diA            | connected to signal <data>          |          |
    |     doA            | connected to internal node          |          |
    -----------------------------------------------------------------------
Unit <ram_sp_ar_sw> synthesized (advanced).

=========================================================================
Advanced HDL Synthesis Report

Macro Statistics
# RAMs                                                 : 1
 256x8-bit single-port distributed RAM                 : 1
# Registers                                            : 8
 Flip-Flops                                            : 8

=========================================================================

=========================================================================
*                         Low Level Synthesis                           *
=========================================================================

Optimizing unit <ram_sp_ar_sw> ...

Mapping all equations...
Building and optimizing final netlist ...
Found area constraint ratio of 100 (+ 5) on block ram_sp_ar_sw, actual ratio is 0.

Final Macro Processing ...

=========================================================================
Final Register Report

Macro Statistics
# Registers                                            : 8
 Flip-Flops                                            : 8

=========================================================================

=========================================================================
*                           Partition Report                            *
=========================================================================

Partition Implementation Status
-------------------------------

  No Partitions were found in this design.

-------------------------------

=========================================================================
*                            Design Summary                             *
=========================================================================

Top Level Output File Name         : ram_sp_ar_sw.ngc

Primitive and Black Box Usage:
------------------------------
# BELS                             : 3
#      LUT2                        : 1
#      LUT3                        : 2
# FlipFlops/Latches                : 8
#      FDE                         : 8
# RAMS                             : 8
#      RAM256X1S                   : 8
# Clock Buffers                    : 1
#      BUFGP                       : 1
# IO Buffers                       : 19
#      IBUF                        : 11
#      IOBUF                       : 8

Device utilization summary:
---------------------------

Selected Device : 6slx9tqg144-2 


Slice Logic Utilization: 
 Number of Slice LUTs:                   35  out of   5720     0%  
    Number used as Logic:                 3  out of   5720     0%  
    Number used as Memory:               32  out of   1440     2%  
       Number used as RAM:               32

Slice Logic Distribution: 
 Number of LUT Flip Flop pairs used:     35
   Number with an unused Flip Flop:      35  out of     35   100%  
   Number with an unused LUT:             0  out of     35     0%  
   Number of fully used LUT-FF pairs:     0  out of     35     0%  
   Number of unique control sets:         1

IO Utilization: 
 Number of IOs:                          20
 Number of bonded IOBs:                  20  out of    102    19%  
    IOB Flip Flops/Latches:               8

Specific Feature Utilization:
 Number of BUFG/BUFGCTRLs:                1  out of     16     6%  

---------------------------
Partition Resource Summary:
---------------------------

  No Partitions were found in this design.

---------------------------


=========================================================================
Timing Report

NOTE: THESE TIMING NUMBERS ARE ONLY A SYNTHESIS ESTIMATE.
      FOR ACCURATE TIMING INFORMATION PLEASE REFER TO THE TRACE REPORT
      GENERATED AFTER PLACE-and-ROUTE.

Clock Information:
------------------
-----------------------------------+------------------------+-------+
Clock Signal                       | Clock buffer(FF name)  | Load  |
-----------------------------------+------------------------+-------+
clk                                | BUFGP                  | 16    |
-----------------------------------+------------------------+-------+

Asynchronous Control Signals Information:
----------------------------------------
No asynchronous control signals found in this design

Timing Summary:
---------------
Speed Grade: -2

   Minimum period: No path found
   Minimum input arrival time before clock: 3.802ns
   Maximum output required time after clock: 4.118ns
   Maximum combinational path delay: 6.412ns

Timing Details:
---------------
All values displayed in nanoseconds (ns)

=========================================================================
Timing constraint: Default OFFSET IN BEFORE for Clock 'clk'
  Total number of paths / destination ports: 112 / 88
-------------------------------------------------------------------------
Offset:              3.802ns (Levels of Logic = 2)
  Source:            cs (PAD)
  Destination:       data_out_0 (FF)
  Destination Clock: clk rising

  Data Path: cs to data_out_0
                                Gate     Net
    Cell:in->out      fanout   Delay   Delay  Logical Name (Net Name)
    ----------------------------------------  ------------
     IBUF:I->O             3   1.328   0.994  cs_IBUF (cs_IBUF)
     LUT3:I0->O            8   0.235   0.943  cs_oe_AND_7_o1 (cs_oe_AND_7_o)
     FDE:CE                    0.302          data_out_0
    ----------------------------------------
    Total                      3.802ns (1.865ns logic, 1.937ns route)
                                       (49.1% logic, 50.9% route)

=========================================================================
Timing constraint: Default OFFSET OUT AFTER for Clock 'clk'
  Total number of paths / destination ports: 8 / 8
-------------------------------------------------------------------------
Offset:              4.118ns (Levels of Logic = 1)
  Source:            data_out_7 (FF)
  Destination:       data<7> (PAD)
  Source Clock:      clk rising

  Data Path: data_out_7 to data<7>
                                Gate     Net
    Cell:in->out      fanout   Delay   Delay  Logical Name (Net Name)
    ----------------------------------------  ------------
     FDE:C->Q              1   0.525   0.681  data_out_7 (data_out_7)
     IOBUF:I->IO               2.912          data_7_IOBUF (data<7>)
    ----------------------------------------
    Total                      4.118ns (3.437ns logic, 0.681ns route)
                                       (83.5% logic, 16.5% route)

=========================================================================
Timing constraint: Default path analysis
  Total number of paths / destination ports: 24 / 8
-------------------------------------------------------------------------
Delay:               6.412ns (Levels of Logic = 3)
  Source:            cs (PAD)
  Destination:       data<7> (PAD)

  Data Path: cs to data<7>
                                Gate     Net
    Cell:in->out      fanout   Delay   Delay  Logical Name (Net Name)
    ----------------------------------------  ------------
     IBUF:I->O             3   1.328   0.994  cs_IBUF (cs_IBUF)
     LUT3:I0->O            8   0.235   0.943  cs_oe_AND_7_o_inv1 (cs_oe_AND_7_o_inv)
     IOBUF:T->IO               2.912          data_7_IOBUF (data<7>)
    ----------------------------------------
    Total                      6.412ns (4.475ns logic, 1.937ns route)
                                       (69.8% logic, 30.2% route)

=========================================================================

Cross Clock Domains Report:
--------------------------

=========================================================================


Total REAL time to Xst completion: 8.00 secs
Total CPU time to Xst completion: 8.85 secs
 
--> 

Total memory usage is 259132 kilobytes

Number of errors   :    0 (   0 filtered)
Number of warnings :    0 (   0 filtered)
Number of infos    :    1 (   0 filtered)

