ISim log file
Running: E:\Xilinx\Neural_FPGA_Project\Neural_XOR\Node_test_isim_beh.exe -intstyle ise -gui -tclbatch isim.cmd -wdb E:/Xilinx/Neural_FPGA_Project/Neural_XOR/Node_test_isim_beh.wdb 
ISim P.20131013 (signature 0x7708f090)
WARNING: A WEBPACK license was found.
WARNING: Please use Xilinx License Configuration Manager to check out a full ISim license.
WARNING: ISim will run in Lite mode. Please refer to the ISim documentation for more information on the differences between the Lite and the Full version.
This is a Lite version of ISim.
Time resolution is 1 ps
# onerror resume
# wave add /
# run 2000 ns
Simulator is doing circuit initialization process.
Finished circuit initialization process.
ISim P.20131013 (signature 0x7708f090)
WARNING: A WEBPACK license was found.
WARNING: Please use Xilinx License Configuration Manager to check out a full ISim license.
WARNING: ISim will run in Lite mode. Please refer to the ISim documentation for more information on the differences between the Lite and the Full version.
This is a Lite version of ISim.
# run 2000 ns
Simulator is doing circuit initialization process.
Finished circuit initialization process.
# restart
# run all
Simulator is doing circuit initialization process.
Finished circuit initialization process.
Stopped at time : 20230224905 ns : File "E:/Xilinx/Neural_FPGA_Project/Hardware_Neural_Net-master/Node/Node/Node_test.vhd" Line 59
# restart
# run 2000 ns
Simulator is doing circuit initialization process.
Finished circuit initialization process.
