Release 14.7 Map P.20131013 (nt64)
Xilinx Mapping Report File for Design 'LearningNetwork'

Design Information
------------------
Command Line   : map -filter
E:/Xilinx/Neural_FPGA_Project/LearningNetwork/iseconfig/filter.filter -intstyle
ise -p xc6slx9-tqg144-2 -w -logic_opt off -ol high -t 1 -xt 0
-register_duplication off -r 4 -global_opt off -mt off -ir off -pr off -lc off
-power off -o LearningNetwork_map.ncd LearningNetwork.ngd LearningNetwork.pcf 
Target Device  : xc6slx9
Target Package : tqg144
Target Speed   : -2
Mapper Version : spartan6 -- $Revision: 1.55 $
Mapped Date    : Tue Mar 14 21:44:38 2017

Design Summary
--------------
Number of errors:      0
Number of warnings:    6
Slice Logic Utilization:
  Number of Slice Registers:                   211 out of  11,440    1%
    Number used as Flip Flops:                 144
    Number used as Latches:                      0
    Number used as Latch-thrus:                  0
    Number used as AND/OR logics:               67
  Number of Slice LUTs:                      2,153 out of   5,720   37%
    Number used as logic:                    2,000 out of   5,720   34%
      Number using O6 output only:           1,403
      Number using O5 output only:             184
      Number using O5 and O6:                  413
      Number used as ROM:                        0
    Number used as Memory:                       0 out of   1,440    0%
    Number used exclusively as route-thrus:    153
      Number with same-slice register load:      0
      Number with same-slice carry load:       153
      Number with other load:                    0

Slice Logic Distribution:
  Number of occupied Slices:                   717 out of   1,430   50%
  Number of MUXCYs used:                     1,608 out of   2,860   56%
  Number of LUT Flip Flop pairs used:        2,190
    Number with an unused Flip Flop:         1,979 out of   2,190   90%
    Number with an unused LUT:                  37 out of   2,190    1%
    Number of fully used LUT-FF pairs:         174 out of   2,190    7%
    Number of unique control sets:               2
    Number of slice register sites lost
      to control set restrictions:               0 out of  11,440    0%

  A LUT Flip Flop pair for this architecture represents one LUT paired with
  one Flip Flop within a slice.  A control set is a unique combination of
  clock, reset, set, and enable signals for a registered element.
  The Slice Logic Distribution report is not meaningful if the design is
  over-mapped for a non-slice resource or if Placement fails.

IO Utilization:
  Number of bonded IOBs:                        14 out of     102   13%
    Number of LOCed IOBs:                       14 out of      14  100%
    IOB Flip Flops:                              7

Specific Feature Utilization:
  Number of RAMB16BWERs:                         0 out of      32    0%
  Number of RAMB8BWERs:                          0 out of      64    0%
  Number of BUFIO2/BUFIO2_2CLKs:                 0 out of      32    0%
  Number of BUFIO2FB/BUFIO2FB_2CLKs:             0 out of      32    0%
  Number of BUFG/BUFGMUXs:                       2 out of      16   12%
    Number used as BUFGs:                        2
    Number used as BUFGMUX:                      0
  Number of DCM/DCM_CLKGENs:                     0 out of       4    0%
  Number of ILOGIC2/ISERDES2s:                   7 out of     200    3%
    Number used as ILOGIC2s:                     7
    Number used as ISERDES2s:                    0
  Number of IODELAY2/IODRP2/IODRP2_MCBs:         0 out of     200    0%
  Number of OLOGIC2/OSERDES2s:                   0 out of     200    0%
  Number of BSCANs:                              0 out of       4    0%
  Number of BUFHs:                               0 out of     128    0%
  Number of BUFPLLs:                             0 out of       8    0%
  Number of BUFPLL_MCBs:                         0 out of       4    0%
  Number of DSP48A1s:                           11 out of      16   68%
  Number of ICAPs:                               0 out of       1    0%
  Number of MCBs:                                0 out of       2    0%
  Number of PCILOGICSEs:                         0 out of       2    0%
  Number of PLL_ADVs:                            0 out of       2    0%
  Number of PMVs:                                0 out of       1    0%
  Number of STARTUPs:                            0 out of       1    0%
  Number of SUSPEND_SYNCs:                       0 out of       1    0%

Average Fanout of Non-Clock Nets:                3.18

Peak Memory Usage:  409 MB
Total REAL time to MAP completion:  47 secs 
Total CPU time to MAP completion:   46 secs 

Table of Contents
-----------------
Section 1 - Errors
Section 2 - Warnings
Section 3 - Informational
Section 4 - Removed Logic Summary
Section 5 - Removed Logic
Section 6 - IOB Properties
Section 7 - RPMs
Section 8 - Guide Report
Section 9 - Area Group and Partition Summary
Section 10 - Timing Report
Section 11 - Configuration String Information
Section 12 - Control Set Information
Section 13 - Utilization by Hierarchy

Section 1 - Errors
------------------

Section 2 - Warnings
--------------------
WARNING:Timing:3224 - The clock clk associated with TIMEGRP "update" OFFSET = IN 10 ns VALID 100 ns BEFORE COMP "clk" "RISING" does not
   clock any registered input components.
WARNING:Timing:3225 - Timing constraint TIMEGRP "update" OFFSET = IN 10 ns VALID 100 ns BEFORE COMP "clk" "RISING" ignored during timing
   analysis
WARNING:Timing:3224 - The clock update associated with OFFSET = IN 6 ns VALID 100 ns BEFORE COMP "update" "RISING" does not clock any
   registered input components.
WARNING:Timing:3225 - Timing constraint OFFSET = IN 6 ns VALID 100 ns BEFORE COMP "update" "RISING" ignored during timing analysis
WARNING:Timing:3224 - The clock update associated with OFFSET = OUT 50 ns AFTER COMP "update" "RISING" does not clock any registered output
   components.
WARNING:Timing:3225 - Timing constraint OFFSET = OUT 50 ns AFTER COMP "update" "RISING" ignored during timing analysis

Section 3 - Informational
-------------------------
INFO:MapLib:562 - No environment variables are currently set.
INFO:LIT:244 - All of the single ended outputs in this design are using slew
   rate limited output drivers. The delay on speed critical single ended outputs
   can be dramatically reduced by designating them as fast outputs.
INFO:Pack:1716 - Initializing temperature to 85.000 Celsius. (default - Range:
   0.000 to 85.000 Celsius)
INFO:Pack:1720 - Initializing voltage to 1.140 Volts. (default - Range: 1.140 to
   1.260 Volts)
INFO:Timing:3386 - Intersecting Constraints found and resolved.  For more information, see the TSI report.  Please consult the Xilinx
   Command Line Tools User Guide for information on generating a TSI report.
INFO:Map:215 - The Interim Design Summary has been generated in the MAP Report
   (.mrp).
INFO:Pack:1650 - Map created a placed design.

Section 4 - Removed Logic Summary
---------------------------------
  72 block(s) removed
 529 block(s) optimized away

Section 5 - Removed Logic
-------------------------

The trimmed logic report below shows the logic removed from your design due to
sourceless or loadless signals, and VCC or ground connections.  If the removal
of a signal or symbol results in the subsequent removal of an additional signal
or symbol, the message explaining that second removal will be indented.  This
indentation will be repeated as a chain of related logic is removed.

To quickly locate the original cause for the removal of a chain of logic, look
above the place where that logic is listed in the trimming report, then locate
the lines that are least indented (begin at the leftmost edge).

Loadless block "mL/ADDERTREE_INTERNAL_Madd167" (ROM) removed.
Loadless block "mL/ADDERTREE_INTERNAL_Madd197" (ROM) removed.
Loadless block "mL/weight0/ADDERTREE_INTERNAL_Madd17" (ROM) removed.
Loadless block "mL/weight0/ADDERTREE_INTERNAL_Madd37" (ROM) removed.
Loadless block "mL/weight1/ADDERTREE_INTERNAL_Madd17" (ROM) removed.
Loadless block "mL/weight1/ADDERTREE_INTERNAL_Madd37" (ROM) removed.
Loadless block "mL/weight2/ADDERTREE_INTERNAL_Madd17" (ROM) removed.
Loadless block "mL/weight2/ADDERTREE_INTERNAL_Madd37" (ROM) removed.
Loadless block "mL/weight3/ADDERTREE_INTERNAL_Madd17" (ROM) removed.
Loadless block "mL/weight3/ADDERTREE_INTERNAL_Madd37" (ROM) removed.
Loadless block "mL/weight4/ADDERTREE_INTERNAL_Madd17" (ROM) removed.
Loadless block "mL/weight4/ADDERTREE_INTERNAL_Madd37" (ROM) removed.
Loadless block "mL/weight5/ADDERTREE_INTERNAL_Madd17" (ROM) removed.
Loadless block "mL/weight5/ADDERTREE_INTERNAL_Madd37" (ROM) removed.
Loadless block "mL/weight6/ADDERTREE_INTERNAL_Madd17" (ROM) removed.
Loadless block "mL/weight6/ADDERTREE_INTERNAL_Madd37" (ROM) removed.
Loadless block "mL/weight7/ADDERTREE_INTERNAL_Madd17" (ROM) removed.
Loadless block "mL/weight7/ADDERTREE_INTERNAL_Madd37" (ROM) removed.
Loadless block "mM/ADDERTREE_INTERNAL_Madd167" (ROM) removed.
Loadless block "mM/ADDERTREE_INTERNAL_Madd197" (ROM) removed.
Loadless block "mM/weight0/ADDERTREE_INTERNAL_Madd17" (ROM) removed.
Loadless block "mM/weight0/ADDERTREE_INTERNAL_Madd37" (ROM) removed.
Loadless block "mM/weight1/ADDERTREE_INTERNAL_Madd17" (ROM) removed.
Loadless block "mM/weight1/ADDERTREE_INTERNAL_Madd37" (ROM) removed.
Loadless block "mM/weight2/ADDERTREE_INTERNAL_Madd17" (ROM) removed.
Loadless block "mM/weight2/ADDERTREE_INTERNAL_Madd37" (ROM) removed.
Loadless block "mM/weight3/ADDERTREE_INTERNAL_Madd17" (ROM) removed.
Loadless block "mM/weight3/ADDERTREE_INTERNAL_Madd37" (ROM) removed.
Loadless block "mM/weight4/ADDERTREE_INTERNAL_Madd17" (ROM) removed.
Loadless block "mM/weight4/ADDERTREE_INTERNAL_Madd37" (ROM) removed.
Loadless block "mM/weight5/ADDERTREE_INTERNAL_Madd17" (ROM) removed.
Loadless block "mM/weight5/ADDERTREE_INTERNAL_Madd37" (ROM) removed.
Loadless block "mM/weight6/ADDERTREE_INTERNAL_Madd17" (ROM) removed.
Loadless block "mM/weight6/ADDERTREE_INTERNAL_Madd37" (ROM) removed.
Loadless block "mM/weight7/ADDERTREE_INTERNAL_Madd17" (ROM) removed.
Loadless block "mM/weight7/ADDERTREE_INTERNAL_Madd37" (ROM) removed.
Loadless block "mR/ADDERTREE_INTERNAL_Madd167" (ROM) removed.
Loadless block "mR/ADDERTREE_INTERNAL_Madd197" (ROM) removed.
Loadless block "mR/weight0/ADDERTREE_INTERNAL_Madd17" (ROM) removed.
Loadless block "mR/weight0/ADDERTREE_INTERNAL_Madd37" (ROM) removed.
Loadless block "mR/weight1/ADDERTREE_INTERNAL_Madd17" (ROM) removed.
Loadless block "mR/weight1/ADDERTREE_INTERNAL_Madd37" (ROM) removed.
Loadless block "mR/weight2/ADDERTREE_INTERNAL_Madd17" (ROM) removed.
Loadless block "mR/weight2/ADDERTREE_INTERNAL_Madd37" (ROM) removed.
Loadless block "mR/weight3/ADDERTREE_INTERNAL_Madd17" (ROM) removed.
Loadless block "mR/weight3/ADDERTREE_INTERNAL_Madd37" (ROM) removed.
Loadless block "mR/weight4/ADDERTREE_INTERNAL_Madd17" (ROM) removed.
Loadless block "mR/weight4/ADDERTREE_INTERNAL_Madd37" (ROM) removed.
Loadless block "mR/weight5/ADDERTREE_INTERNAL_Madd17" (ROM) removed.
Loadless block "mR/weight5/ADDERTREE_INTERNAL_Madd37" (ROM) removed.
Loadless block "mR/weight6/ADDERTREE_INTERNAL_Madd17" (ROM) removed.
Loadless block "mR/weight6/ADDERTREE_INTERNAL_Madd37" (ROM) removed.
Loadless block "mR/weight7/ADDERTREE_INTERNAL_Madd17" (ROM) removed.
Loadless block "mR/weight7/ADDERTREE_INTERNAL_Madd37" (ROM) removed.
Loadless block "t/ADDERTREE_INTERNAL_Madd27" (ROM) removed.
Loadless block "t/ADDERTREE_INTERNAL_Madd57" (ROM) removed.
Loadless block "t/weight0/ADDERTREE_INTERNAL_Madd17" (ROM) removed.
Loadless block "t/weight0/ADDERTREE_INTERNAL_Madd37" (ROM) removed.
Loadless block "t/weight1/ADDERTREE_INTERNAL_Madd17" (ROM) removed.
Loadless block "t/weight1/ADDERTREE_INTERNAL_Madd37" (ROM) removed.
Loadless block "t/weight2/ADDERTREE_INTERNAL_Madd17" (ROM) removed.
Loadless block "t/weight2/ADDERTREE_INTERNAL_Madd37" (ROM) removed.
Loadless block "t/weight3/ADDERTREE_INTERNAL_Madd17" (ROM) removed.
Loadless block "t/weight3/ADDERTREE_INTERNAL_Madd37" (ROM) removed.
Loadless block "t/weight4/ADDERTREE_INTERNAL_Madd17" (ROM) removed.
Loadless block "t/weight4/ADDERTREE_INTERNAL_Madd37" (ROM) removed.
Loadless block "t/weight5/ADDERTREE_INTERNAL_Madd17" (ROM) removed.
Loadless block "t/weight5/ADDERTREE_INTERNAL_Madd37" (ROM) removed.
Loadless block "t/weight6/ADDERTREE_INTERNAL_Madd17" (ROM) removed.
Loadless block "t/weight6/ADDERTREE_INTERNAL_Madd37" (ROM) removed.
Loadless block "t/weight7/ADDERTREE_INTERNAL_Madd17" (ROM) removed.
Loadless block "t/weight7/ADDERTREE_INTERNAL_Madd37" (ROM) removed.

Optimized Block(s):
TYPE 		BLOCK
GND 		XST_GND
VCC 		XST_VCC
LUT3 		mL/weight0/ADDERTREE_INTERNAL_Madd11
   optimized to 0
LUT3 		mL/weight0/ADDERTREE_INTERNAL_Madd12
   optimized to 0
LUT3 		mL/weight0/ADDERTREE_INTERNAL_Madd13
   optimized to 0
LUT3 		mL/weight0/ADDERTREE_INTERNAL_Madd14
   optimized to 0
LUT3 		mL/weight0/ADDERTREE_INTERNAL_Madd15
   optimized to 0
LUT3 		mL/weight0/ADDERTREE_INTERNAL_Madd16
   optimized to 0
LUT3 		mL/weight0/ADDERTREE_INTERNAL_Madd31
   optimized to 0
LUT3 		mL/weight0/ADDERTREE_INTERNAL_Madd32
   optimized to 0
LUT3 		mL/weight0/ADDERTREE_INTERNAL_Madd33
   optimized to 0
LUT3 		mL/weight0/ADDERTREE_INTERNAL_Madd34
   optimized to 0
LUT3 		mL/weight0/ADDERTREE_INTERNAL_Madd35
   optimized to 0
LUT3 		mL/weight0/ADDERTREE_INTERNAL_Madd36
   optimized to 0
LUT3 		mL/weight1/ADDERTREE_INTERNAL_Madd11
   optimized to 0
LUT3 		mL/weight1/ADDERTREE_INTERNAL_Madd12
   optimized to 0
LUT3 		mL/weight1/ADDERTREE_INTERNAL_Madd13
   optimized to 0
LUT3 		mL/weight1/ADDERTREE_INTERNAL_Madd14
   optimized to 0
LUT3 		mL/weight1/ADDERTREE_INTERNAL_Madd15
   optimized to 0
LUT3 		mL/weight1/ADDERTREE_INTERNAL_Madd16
   optimized to 0
LUT3 		mL/weight1/ADDERTREE_INTERNAL_Madd31
   optimized to 0
LUT3 		mL/weight1/ADDERTREE_INTERNAL_Madd32
   optimized to 0
LUT3 		mL/weight1/ADDERTREE_INTERNAL_Madd33
   optimized to 0
LUT3 		mL/weight1/ADDERTREE_INTERNAL_Madd34
   optimized to 0
LUT3 		mL/weight1/ADDERTREE_INTERNAL_Madd35
   optimized to 0
LUT3 		mL/weight1/ADDERTREE_INTERNAL_Madd36
   optimized to 0
LUT3 		mL/weight2/ADDERTREE_INTERNAL_Madd11
   optimized to 0
LUT3 		mL/weight2/ADDERTREE_INTERNAL_Madd12
   optimized to 0
LUT3 		mL/weight2/ADDERTREE_INTERNAL_Madd13
   optimized to 0
LUT3 		mL/weight2/ADDERTREE_INTERNAL_Madd14
   optimized to 0
LUT3 		mL/weight2/ADDERTREE_INTERNAL_Madd15
   optimized to 0
LUT3 		mL/weight2/ADDERTREE_INTERNAL_Madd16
   optimized to 0
LUT4 		mL/weight2/ADDERTREE_INTERNAL_Madd1_lut<0>1
   optimized to 0
LUT4 		mL/weight2/ADDERTREE_INTERNAL_Madd1_lut<0>2
   optimized to 0
LUT4 		mL/weight2/ADDERTREE_INTERNAL_Madd1_lut<0>3
   optimized to 0
LUT4 		mL/weight2/ADDERTREE_INTERNAL_Madd1_lut<0>4
   optimized to 0
LUT4 		mL/weight2/ADDERTREE_INTERNAL_Madd1_lut<0>5
   optimized to 0
LUT4 		mL/weight2/ADDERTREE_INTERNAL_Madd1_lut<0>6
   optimized to 0
LUT4 		mL/weight2/ADDERTREE_INTERNAL_Madd1_lut<0>7
   optimized to 0
LUT3 		mL/weight2/ADDERTREE_INTERNAL_Madd31
   optimized to 0
LUT3 		mL/weight2/ADDERTREE_INTERNAL_Madd32
   optimized to 0
LUT3 		mL/weight2/ADDERTREE_INTERNAL_Madd33
   optimized to 0
LUT3 		mL/weight2/ADDERTREE_INTERNAL_Madd34
   optimized to 0
LUT3 		mL/weight2/ADDERTREE_INTERNAL_Madd35
   optimized to 0
LUT3 		mL/weight2/ADDERTREE_INTERNAL_Madd36
   optimized to 0
LUT3 		mL/weight3/ADDERTREE_INTERNAL_Madd11
   optimized to 0
LUT3 		mL/weight3/ADDERTREE_INTERNAL_Madd12
   optimized to 0
LUT3 		mL/weight3/ADDERTREE_INTERNAL_Madd13
   optimized to 0
LUT3 		mL/weight3/ADDERTREE_INTERNAL_Madd14
   optimized to 0
LUT3 		mL/weight3/ADDERTREE_INTERNAL_Madd15
   optimized to 0
LUT3 		mL/weight3/ADDERTREE_INTERNAL_Madd16
   optimized to 0
LUT4 		mL/weight3/ADDERTREE_INTERNAL_Madd1_lut<0>1
   optimized to 0
LUT4 		mL/weight3/ADDERTREE_INTERNAL_Madd1_lut<0>2
   optimized to 0
LUT4 		mL/weight3/ADDERTREE_INTERNAL_Madd1_lut<0>3
   optimized to 0
LUT4 		mL/weight3/ADDERTREE_INTERNAL_Madd1_lut<0>4
   optimized to 0
LUT4 		mL/weight3/ADDERTREE_INTERNAL_Madd1_lut<0>5
   optimized to 0
LUT4 		mL/weight3/ADDERTREE_INTERNAL_Madd1_lut<0>6
   optimized to 0
LUT4 		mL/weight3/ADDERTREE_INTERNAL_Madd1_lut<0>7
   optimized to 0
LUT3 		mL/weight3/ADDERTREE_INTERNAL_Madd31
   optimized to 0
LUT3 		mL/weight3/ADDERTREE_INTERNAL_Madd32
   optimized to 0
LUT3 		mL/weight3/ADDERTREE_INTERNAL_Madd33
   optimized to 0
LUT3 		mL/weight3/ADDERTREE_INTERNAL_Madd34
   optimized to 0
LUT3 		mL/weight3/ADDERTREE_INTERNAL_Madd35
   optimized to 0
LUT3 		mL/weight3/ADDERTREE_INTERNAL_Madd36
   optimized to 0
LUT3 		mL/weight4/ADDERTREE_INTERNAL_Madd11
   optimized to 0
LUT3 		mL/weight4/ADDERTREE_INTERNAL_Madd12
   optimized to 0
LUT3 		mL/weight4/ADDERTREE_INTERNAL_Madd13
   optimized to 0
LUT3 		mL/weight4/ADDERTREE_INTERNAL_Madd14
   optimized to 0
LUT3 		mL/weight4/ADDERTREE_INTERNAL_Madd15
   optimized to 0
LUT3 		mL/weight4/ADDERTREE_INTERNAL_Madd16
   optimized to 0
LUT4 		mL/weight4/ADDERTREE_INTERNAL_Madd1_lut<0>1
   optimized to 0
LUT4 		mL/weight4/ADDERTREE_INTERNAL_Madd1_lut<0>2
   optimized to 0
LUT4 		mL/weight4/ADDERTREE_INTERNAL_Madd1_lut<0>3
   optimized to 0
LUT4 		mL/weight4/ADDERTREE_INTERNAL_Madd1_lut<0>4
   optimized to 0
LUT4 		mL/weight4/ADDERTREE_INTERNAL_Madd1_lut<0>5
   optimized to 0
LUT4 		mL/weight4/ADDERTREE_INTERNAL_Madd1_lut<0>6
   optimized to 0
LUT4 		mL/weight4/ADDERTREE_INTERNAL_Madd1_lut<0>7
   optimized to 0
LUT3 		mL/weight4/ADDERTREE_INTERNAL_Madd31
   optimized to 0
LUT3 		mL/weight4/ADDERTREE_INTERNAL_Madd32
   optimized to 0
LUT3 		mL/weight4/ADDERTREE_INTERNAL_Madd33
   optimized to 0
LUT3 		mL/weight4/ADDERTREE_INTERNAL_Madd34
   optimized to 0
LUT3 		mL/weight4/ADDERTREE_INTERNAL_Madd35
   optimized to 0
LUT3 		mL/weight4/ADDERTREE_INTERNAL_Madd36
   optimized to 0
LUT3 		mL/weight5/ADDERTREE_INTERNAL_Madd11
   optimized to 0
LUT3 		mL/weight5/ADDERTREE_INTERNAL_Madd12
   optimized to 0
LUT3 		mL/weight5/ADDERTREE_INTERNAL_Madd13
   optimized to 0
LUT3 		mL/weight5/ADDERTREE_INTERNAL_Madd14
   optimized to 0
LUT3 		mL/weight5/ADDERTREE_INTERNAL_Madd15
   optimized to 0
LUT3 		mL/weight5/ADDERTREE_INTERNAL_Madd16
   optimized to 0
LUT4 		mL/weight5/ADDERTREE_INTERNAL_Madd1_lut<0>1
   optimized to 0
LUT4 		mL/weight5/ADDERTREE_INTERNAL_Madd1_lut<0>2
   optimized to 0
LUT4 		mL/weight5/ADDERTREE_INTERNAL_Madd1_lut<0>3
   optimized to 0
LUT4 		mL/weight5/ADDERTREE_INTERNAL_Madd1_lut<0>4
   optimized to 0
LUT4 		mL/weight5/ADDERTREE_INTERNAL_Madd1_lut<0>5
   optimized to 0
LUT4 		mL/weight5/ADDERTREE_INTERNAL_Madd1_lut<0>6
   optimized to 0
LUT4 		mL/weight5/ADDERTREE_INTERNAL_Madd1_lut<0>7
   optimized to 0
LUT3 		mL/weight5/ADDERTREE_INTERNAL_Madd31
   optimized to 0
LUT3 		mL/weight5/ADDERTREE_INTERNAL_Madd32
   optimized to 0
LUT3 		mL/weight5/ADDERTREE_INTERNAL_Madd33
   optimized to 0
LUT3 		mL/weight5/ADDERTREE_INTERNAL_Madd34
   optimized to 0
LUT3 		mL/weight5/ADDERTREE_INTERNAL_Madd35
   optimized to 0
LUT3 		mL/weight5/ADDERTREE_INTERNAL_Madd36
   optimized to 0
LUT3 		mL/weight6/ADDERTREE_INTERNAL_Madd11
   optimized to 0
LUT3 		mL/weight6/ADDERTREE_INTERNAL_Madd12
   optimized to 0
LUT3 		mL/weight6/ADDERTREE_INTERNAL_Madd13
   optimized to 0
LUT3 		mL/weight6/ADDERTREE_INTERNAL_Madd14
   optimized to 0
LUT3 		mL/weight6/ADDERTREE_INTERNAL_Madd15
   optimized to 0
LUT3 		mL/weight6/ADDERTREE_INTERNAL_Madd16
   optimized to 0
LUT4 		mL/weight6/ADDERTREE_INTERNAL_Madd1_lut<0>1
   optimized to 0
LUT4 		mL/weight6/ADDERTREE_INTERNAL_Madd1_lut<0>2
   optimized to 0
LUT4 		mL/weight6/ADDERTREE_INTERNAL_Madd1_lut<0>3
   optimized to 0
LUT4 		mL/weight6/ADDERTREE_INTERNAL_Madd1_lut<0>4
   optimized to 0
LUT4 		mL/weight6/ADDERTREE_INTERNAL_Madd1_lut<0>5
   optimized to 0
LUT4 		mL/weight6/ADDERTREE_INTERNAL_Madd1_lut<0>6
   optimized to 0
LUT4 		mL/weight6/ADDERTREE_INTERNAL_Madd1_lut<0>7
   optimized to 0
LUT3 		mL/weight6/ADDERTREE_INTERNAL_Madd31
   optimized to 0
LUT3 		mL/weight6/ADDERTREE_INTERNAL_Madd32
   optimized to 0
LUT3 		mL/weight6/ADDERTREE_INTERNAL_Madd33
   optimized to 0
LUT3 		mL/weight6/ADDERTREE_INTERNAL_Madd34
   optimized to 0
LUT3 		mL/weight6/ADDERTREE_INTERNAL_Madd35
   optimized to 0
LUT3 		mL/weight6/ADDERTREE_INTERNAL_Madd36
   optimized to 0
LUT3 		mL/weight7/ADDERTREE_INTERNAL_Madd11
   optimized to 0
LUT3 		mL/weight7/ADDERTREE_INTERNAL_Madd12
   optimized to 0
LUT3 		mL/weight7/ADDERTREE_INTERNAL_Madd13
   optimized to 0
LUT3 		mL/weight7/ADDERTREE_INTERNAL_Madd14
   optimized to 0
LUT3 		mL/weight7/ADDERTREE_INTERNAL_Madd15
   optimized to 0
LUT3 		mL/weight7/ADDERTREE_INTERNAL_Madd16
   optimized to 0
LUT4 		mL/weight7/ADDERTREE_INTERNAL_Madd1_lut<0>1
   optimized to 0
LUT4 		mL/weight7/ADDERTREE_INTERNAL_Madd1_lut<0>2
   optimized to 0
LUT4 		mL/weight7/ADDERTREE_INTERNAL_Madd1_lut<0>3
   optimized to 0
LUT4 		mL/weight7/ADDERTREE_INTERNAL_Madd1_lut<0>4
   optimized to 0
LUT4 		mL/weight7/ADDERTREE_INTERNAL_Madd1_lut<0>5
   optimized to 0
LUT4 		mL/weight7/ADDERTREE_INTERNAL_Madd1_lut<0>6
   optimized to 0
LUT4 		mL/weight7/ADDERTREE_INTERNAL_Madd1_lut<0>7
   optimized to 0
LUT3 		mL/weight7/ADDERTREE_INTERNAL_Madd31
   optimized to 0
LUT3 		mL/weight7/ADDERTREE_INTERNAL_Madd32
   optimized to 0
LUT3 		mL/weight7/ADDERTREE_INTERNAL_Madd33
   optimized to 0
LUT3 		mL/weight7/ADDERTREE_INTERNAL_Madd34
   optimized to 0
LUT3 		mL/weight7/ADDERTREE_INTERNAL_Madd35
   optimized to 0
LUT3 		mL/weight7/ADDERTREE_INTERNAL_Madd36
   optimized to 0
LUT5 		mL/weightUpdateMod0/multR/Mmult_multRes_Madd3_lut<5>_SW0
   optimized to 0
LUT5 		mL/weightUpdateMod0/multR/Mmult_multRes_Madd3_lut<5>_SW1
   optimized to 1
LUT5 		mL/weightUpdateMod1/multR/Mmult_multRes_Madd3_lut<5>_SW0
   optimized to 0
LUT5 		mL/weightUpdateMod1/multR/Mmult_multRes_Madd3_lut<5>_SW1
   optimized to 1
LUT3 		mM/weight0/ADDERTREE_INTERNAL_Madd11
   optimized to 0
LUT3 		mM/weight0/ADDERTREE_INTERNAL_Madd12
   optimized to 0
LUT3 		mM/weight0/ADDERTREE_INTERNAL_Madd13
   optimized to 0
LUT3 		mM/weight0/ADDERTREE_INTERNAL_Madd14
   optimized to 0
LUT3 		mM/weight0/ADDERTREE_INTERNAL_Madd15
   optimized to 0
LUT3 		mM/weight0/ADDERTREE_INTERNAL_Madd16
   optimized to 0
LUT3 		mM/weight0/ADDERTREE_INTERNAL_Madd31
   optimized to 0
LUT3 		mM/weight0/ADDERTREE_INTERNAL_Madd32
   optimized to 0
LUT3 		mM/weight0/ADDERTREE_INTERNAL_Madd33
   optimized to 0
LUT3 		mM/weight0/ADDERTREE_INTERNAL_Madd34
   optimized to 0
LUT3 		mM/weight0/ADDERTREE_INTERNAL_Madd35
   optimized to 0
LUT3 		mM/weight0/ADDERTREE_INTERNAL_Madd36
   optimized to 0
LUT3 		mM/weight1/ADDERTREE_INTERNAL_Madd11
   optimized to 0
LUT3 		mM/weight1/ADDERTREE_INTERNAL_Madd12
   optimized to 0
LUT3 		mM/weight1/ADDERTREE_INTERNAL_Madd13
   optimized to 0
LUT3 		mM/weight1/ADDERTREE_INTERNAL_Madd14
   optimized to 0
LUT3 		mM/weight1/ADDERTREE_INTERNAL_Madd15
   optimized to 0
LUT3 		mM/weight1/ADDERTREE_INTERNAL_Madd16
   optimized to 0
LUT3 		mM/weight1/ADDERTREE_INTERNAL_Madd31
   optimized to 0
LUT3 		mM/weight1/ADDERTREE_INTERNAL_Madd32
   optimized to 0
LUT3 		mM/weight1/ADDERTREE_INTERNAL_Madd33
   optimized to 0
LUT3 		mM/weight1/ADDERTREE_INTERNAL_Madd34
   optimized to 0
LUT3 		mM/weight1/ADDERTREE_INTERNAL_Madd35
   optimized to 0
LUT3 		mM/weight1/ADDERTREE_INTERNAL_Madd36
   optimized to 0
LUT3 		mM/weight2/ADDERTREE_INTERNAL_Madd11
   optimized to 0
LUT3 		mM/weight2/ADDERTREE_INTERNAL_Madd12
   optimized to 0
LUT3 		mM/weight2/ADDERTREE_INTERNAL_Madd13
   optimized to 0
LUT3 		mM/weight2/ADDERTREE_INTERNAL_Madd14
   optimized to 0
LUT3 		mM/weight2/ADDERTREE_INTERNAL_Madd15
   optimized to 0
LUT3 		mM/weight2/ADDERTREE_INTERNAL_Madd16
   optimized to 0
LUT4 		mM/weight2/ADDERTREE_INTERNAL_Madd1_lut<0>1
   optimized to 0
LUT4 		mM/weight2/ADDERTREE_INTERNAL_Madd1_lut<0>2
   optimized to 0
LUT4 		mM/weight2/ADDERTREE_INTERNAL_Madd1_lut<0>3
   optimized to 0
LUT4 		mM/weight2/ADDERTREE_INTERNAL_Madd1_lut<0>4
   optimized to 0
LUT4 		mM/weight2/ADDERTREE_INTERNAL_Madd1_lut<0>5
   optimized to 0
LUT4 		mM/weight2/ADDERTREE_INTERNAL_Madd1_lut<0>6
   optimized to 0
LUT4 		mM/weight2/ADDERTREE_INTERNAL_Madd1_lut<0>7
   optimized to 0
LUT3 		mM/weight2/ADDERTREE_INTERNAL_Madd31
   optimized to 0
LUT3 		mM/weight2/ADDERTREE_INTERNAL_Madd32
   optimized to 0
LUT3 		mM/weight2/ADDERTREE_INTERNAL_Madd33
   optimized to 0
LUT3 		mM/weight2/ADDERTREE_INTERNAL_Madd34
   optimized to 0
LUT3 		mM/weight2/ADDERTREE_INTERNAL_Madd35
   optimized to 0
LUT3 		mM/weight2/ADDERTREE_INTERNAL_Madd36
   optimized to 0
LUT3 		mM/weight3/ADDERTREE_INTERNAL_Madd11
   optimized to 0
LUT3 		mM/weight3/ADDERTREE_INTERNAL_Madd12
   optimized to 0
LUT3 		mM/weight3/ADDERTREE_INTERNAL_Madd13
   optimized to 0
LUT3 		mM/weight3/ADDERTREE_INTERNAL_Madd14
   optimized to 0
LUT3 		mM/weight3/ADDERTREE_INTERNAL_Madd15
   optimized to 0
LUT3 		mM/weight3/ADDERTREE_INTERNAL_Madd16
   optimized to 0
LUT4 		mM/weight3/ADDERTREE_INTERNAL_Madd1_lut<0>1
   optimized to 0
LUT4 		mM/weight3/ADDERTREE_INTERNAL_Madd1_lut<0>2
   optimized to 0
LUT4 		mM/weight3/ADDERTREE_INTERNAL_Madd1_lut<0>3
   optimized to 0
LUT4 		mM/weight3/ADDERTREE_INTERNAL_Madd1_lut<0>4
   optimized to 0
LUT4 		mM/weight3/ADDERTREE_INTERNAL_Madd1_lut<0>5
   optimized to 0
LUT4 		mM/weight3/ADDERTREE_INTERNAL_Madd1_lut<0>6
   optimized to 0
LUT4 		mM/weight3/ADDERTREE_INTERNAL_Madd1_lut<0>7
   optimized to 0
LUT3 		mM/weight3/ADDERTREE_INTERNAL_Madd31
   optimized to 0
LUT3 		mM/weight3/ADDERTREE_INTERNAL_Madd32
   optimized to 0
LUT3 		mM/weight3/ADDERTREE_INTERNAL_Madd33
   optimized to 0
LUT3 		mM/weight3/ADDERTREE_INTERNAL_Madd34
   optimized to 0
LUT3 		mM/weight3/ADDERTREE_INTERNAL_Madd35
   optimized to 0
LUT3 		mM/weight3/ADDERTREE_INTERNAL_Madd36
   optimized to 0
LUT3 		mM/weight4/ADDERTREE_INTERNAL_Madd11
   optimized to 0
LUT3 		mM/weight4/ADDERTREE_INTERNAL_Madd12
   optimized to 0
LUT3 		mM/weight4/ADDERTREE_INTERNAL_Madd13
   optimized to 0
LUT3 		mM/weight4/ADDERTREE_INTERNAL_Madd14
   optimized to 0
LUT3 		mM/weight4/ADDERTREE_INTERNAL_Madd15
   optimized to 0
LUT3 		mM/weight4/ADDERTREE_INTERNAL_Madd16
   optimized to 0
LUT4 		mM/weight4/ADDERTREE_INTERNAL_Madd1_lut<0>1
   optimized to 0
LUT4 		mM/weight4/ADDERTREE_INTERNAL_Madd1_lut<0>2
   optimized to 0
LUT4 		mM/weight4/ADDERTREE_INTERNAL_Madd1_lut<0>3
   optimized to 0
LUT4 		mM/weight4/ADDERTREE_INTERNAL_Madd1_lut<0>4
   optimized to 0
LUT4 		mM/weight4/ADDERTREE_INTERNAL_Madd1_lut<0>5
   optimized to 0
LUT4 		mM/weight4/ADDERTREE_INTERNAL_Madd1_lut<0>6
   optimized to 0
LUT4 		mM/weight4/ADDERTREE_INTERNAL_Madd1_lut<0>7
   optimized to 0
LUT3 		mM/weight4/ADDERTREE_INTERNAL_Madd31
   optimized to 0
LUT3 		mM/weight4/ADDERTREE_INTERNAL_Madd32
   optimized to 0
LUT3 		mM/weight4/ADDERTREE_INTERNAL_Madd33
   optimized to 0
LUT3 		mM/weight4/ADDERTREE_INTERNAL_Madd34
   optimized to 0
LUT3 		mM/weight4/ADDERTREE_INTERNAL_Madd35
   optimized to 0
LUT3 		mM/weight4/ADDERTREE_INTERNAL_Madd36
   optimized to 0
LUT3 		mM/weight5/ADDERTREE_INTERNAL_Madd11
   optimized to 0
LUT3 		mM/weight5/ADDERTREE_INTERNAL_Madd12
   optimized to 0
LUT3 		mM/weight5/ADDERTREE_INTERNAL_Madd13
   optimized to 0
LUT3 		mM/weight5/ADDERTREE_INTERNAL_Madd14
   optimized to 0
LUT3 		mM/weight5/ADDERTREE_INTERNAL_Madd15
   optimized to 0
LUT3 		mM/weight5/ADDERTREE_INTERNAL_Madd16
   optimized to 0
LUT4 		mM/weight5/ADDERTREE_INTERNAL_Madd1_lut<0>1
   optimized to 0
LUT4 		mM/weight5/ADDERTREE_INTERNAL_Madd1_lut<0>2
   optimized to 0
LUT4 		mM/weight5/ADDERTREE_INTERNAL_Madd1_lut<0>3
   optimized to 0
LUT4 		mM/weight5/ADDERTREE_INTERNAL_Madd1_lut<0>4
   optimized to 0
LUT4 		mM/weight5/ADDERTREE_INTERNAL_Madd1_lut<0>5
   optimized to 0
LUT4 		mM/weight5/ADDERTREE_INTERNAL_Madd1_lut<0>6
   optimized to 0
LUT4 		mM/weight5/ADDERTREE_INTERNAL_Madd1_lut<0>7
   optimized to 0
LUT3 		mM/weight5/ADDERTREE_INTERNAL_Madd31
   optimized to 0
LUT3 		mM/weight5/ADDERTREE_INTERNAL_Madd32
   optimized to 0
LUT3 		mM/weight5/ADDERTREE_INTERNAL_Madd33
   optimized to 0
LUT3 		mM/weight5/ADDERTREE_INTERNAL_Madd34
   optimized to 0
LUT3 		mM/weight5/ADDERTREE_INTERNAL_Madd35
   optimized to 0
LUT3 		mM/weight5/ADDERTREE_INTERNAL_Madd36
   optimized to 0
LUT3 		mM/weight6/ADDERTREE_INTERNAL_Madd11
   optimized to 0
LUT3 		mM/weight6/ADDERTREE_INTERNAL_Madd12
   optimized to 0
LUT3 		mM/weight6/ADDERTREE_INTERNAL_Madd13
   optimized to 0
LUT3 		mM/weight6/ADDERTREE_INTERNAL_Madd14
   optimized to 0
LUT3 		mM/weight6/ADDERTREE_INTERNAL_Madd15
   optimized to 0
LUT3 		mM/weight6/ADDERTREE_INTERNAL_Madd16
   optimized to 0
LUT4 		mM/weight6/ADDERTREE_INTERNAL_Madd1_lut<0>1
   optimized to 0
LUT4 		mM/weight6/ADDERTREE_INTERNAL_Madd1_lut<0>2
   optimized to 0
LUT4 		mM/weight6/ADDERTREE_INTERNAL_Madd1_lut<0>3
   optimized to 0
LUT4 		mM/weight6/ADDERTREE_INTERNAL_Madd1_lut<0>4
   optimized to 0
LUT4 		mM/weight6/ADDERTREE_INTERNAL_Madd1_lut<0>5
   optimized to 0
LUT4 		mM/weight6/ADDERTREE_INTERNAL_Madd1_lut<0>6
   optimized to 0
LUT4 		mM/weight6/ADDERTREE_INTERNAL_Madd1_lut<0>7
   optimized to 0
LUT3 		mM/weight6/ADDERTREE_INTERNAL_Madd31
   optimized to 0
LUT3 		mM/weight6/ADDERTREE_INTERNAL_Madd32
   optimized to 0
LUT3 		mM/weight6/ADDERTREE_INTERNAL_Madd33
   optimized to 0
LUT3 		mM/weight6/ADDERTREE_INTERNAL_Madd34
   optimized to 0
LUT3 		mM/weight6/ADDERTREE_INTERNAL_Madd35
   optimized to 0
LUT3 		mM/weight6/ADDERTREE_INTERNAL_Madd36
   optimized to 0
LUT3 		mM/weight7/ADDERTREE_INTERNAL_Madd11
   optimized to 0
LUT3 		mM/weight7/ADDERTREE_INTERNAL_Madd12
   optimized to 0
LUT3 		mM/weight7/ADDERTREE_INTERNAL_Madd13
   optimized to 0
LUT3 		mM/weight7/ADDERTREE_INTERNAL_Madd14
   optimized to 0
LUT3 		mM/weight7/ADDERTREE_INTERNAL_Madd15
   optimized to 0
LUT3 		mM/weight7/ADDERTREE_INTERNAL_Madd16
   optimized to 0
LUT4 		mM/weight7/ADDERTREE_INTERNAL_Madd1_lut<0>1
   optimized to 0
LUT4 		mM/weight7/ADDERTREE_INTERNAL_Madd1_lut<0>2
   optimized to 0
LUT4 		mM/weight7/ADDERTREE_INTERNAL_Madd1_lut<0>3
   optimized to 0
LUT4 		mM/weight7/ADDERTREE_INTERNAL_Madd1_lut<0>4
   optimized to 0
LUT4 		mM/weight7/ADDERTREE_INTERNAL_Madd1_lut<0>5
   optimized to 0
LUT4 		mM/weight7/ADDERTREE_INTERNAL_Madd1_lut<0>6
   optimized to 0
LUT4 		mM/weight7/ADDERTREE_INTERNAL_Madd1_lut<0>7
   optimized to 0
LUT3 		mM/weight7/ADDERTREE_INTERNAL_Madd31
   optimized to 0
LUT3 		mM/weight7/ADDERTREE_INTERNAL_Madd32
   optimized to 0
LUT3 		mM/weight7/ADDERTREE_INTERNAL_Madd33
   optimized to 0
LUT3 		mM/weight7/ADDERTREE_INTERNAL_Madd34
   optimized to 0
LUT3 		mM/weight7/ADDERTREE_INTERNAL_Madd35
   optimized to 0
LUT3 		mM/weight7/ADDERTREE_INTERNAL_Madd36
   optimized to 0
LUT5 		mM/weightUpdateMod0/multR/Mmux_posIn261_SW0
   optimized to 1
LUT5 		mM/weightUpdateMod0/multR/Mmux_posIn261_SW1
   optimized to 0
LUT5 		mM/weightUpdateMod0/multR/Mmux_posIn261_SW3
   optimized to 1
LUT5 		mM/weightUpdateMod0/multR/Mmux_posIn261_SW4
   optimized to 0
LUT3 		mR/weight0/ADDERTREE_INTERNAL_Madd11
   optimized to 0
LUT3 		mR/weight0/ADDERTREE_INTERNAL_Madd12
   optimized to 0
LUT3 		mR/weight0/ADDERTREE_INTERNAL_Madd13
   optimized to 0
LUT3 		mR/weight0/ADDERTREE_INTERNAL_Madd14
   optimized to 0
LUT3 		mR/weight0/ADDERTREE_INTERNAL_Madd15
   optimized to 0
LUT3 		mR/weight0/ADDERTREE_INTERNAL_Madd16
   optimized to 0
LUT3 		mR/weight0/ADDERTREE_INTERNAL_Madd31
   optimized to 0
LUT3 		mR/weight0/ADDERTREE_INTERNAL_Madd32
   optimized to 0
LUT3 		mR/weight0/ADDERTREE_INTERNAL_Madd33
   optimized to 0
LUT3 		mR/weight0/ADDERTREE_INTERNAL_Madd34
   optimized to 0
LUT3 		mR/weight0/ADDERTREE_INTERNAL_Madd35
   optimized to 0
LUT3 		mR/weight0/ADDERTREE_INTERNAL_Madd36
   optimized to 0
LUT3 		mR/weight1/ADDERTREE_INTERNAL_Madd11
   optimized to 0
LUT3 		mR/weight1/ADDERTREE_INTERNAL_Madd12
   optimized to 0
LUT3 		mR/weight1/ADDERTREE_INTERNAL_Madd13
   optimized to 0
LUT3 		mR/weight1/ADDERTREE_INTERNAL_Madd14
   optimized to 0
LUT3 		mR/weight1/ADDERTREE_INTERNAL_Madd15
   optimized to 0
LUT3 		mR/weight1/ADDERTREE_INTERNAL_Madd16
   optimized to 0
LUT3 		mR/weight1/ADDERTREE_INTERNAL_Madd31
   optimized to 0
LUT3 		mR/weight1/ADDERTREE_INTERNAL_Madd32
   optimized to 0
LUT3 		mR/weight1/ADDERTREE_INTERNAL_Madd33
   optimized to 0
LUT3 		mR/weight1/ADDERTREE_INTERNAL_Madd34
   optimized to 0
LUT3 		mR/weight1/ADDERTREE_INTERNAL_Madd35
   optimized to 0
LUT3 		mR/weight1/ADDERTREE_INTERNAL_Madd36
   optimized to 0
LUT3 		mR/weight2/ADDERTREE_INTERNAL_Madd11
   optimized to 0
LUT3 		mR/weight2/ADDERTREE_INTERNAL_Madd12
   optimized to 0
LUT3 		mR/weight2/ADDERTREE_INTERNAL_Madd13
   optimized to 0
LUT3 		mR/weight2/ADDERTREE_INTERNAL_Madd14
   optimized to 0
LUT3 		mR/weight2/ADDERTREE_INTERNAL_Madd15
   optimized to 0
LUT3 		mR/weight2/ADDERTREE_INTERNAL_Madd16
   optimized to 0
LUT4 		mR/weight2/ADDERTREE_INTERNAL_Madd1_lut<0>1
   optimized to 0
LUT4 		mR/weight2/ADDERTREE_INTERNAL_Madd1_lut<0>2
   optimized to 0
LUT4 		mR/weight2/ADDERTREE_INTERNAL_Madd1_lut<0>3
   optimized to 0
LUT4 		mR/weight2/ADDERTREE_INTERNAL_Madd1_lut<0>4
   optimized to 0
LUT4 		mR/weight2/ADDERTREE_INTERNAL_Madd1_lut<0>5
   optimized to 0
LUT4 		mR/weight2/ADDERTREE_INTERNAL_Madd1_lut<0>6
   optimized to 0
LUT4 		mR/weight2/ADDERTREE_INTERNAL_Madd1_lut<0>7
   optimized to 0
LUT3 		mR/weight2/ADDERTREE_INTERNAL_Madd31
   optimized to 0
LUT3 		mR/weight2/ADDERTREE_INTERNAL_Madd32
   optimized to 0
LUT3 		mR/weight2/ADDERTREE_INTERNAL_Madd33
   optimized to 0
LUT3 		mR/weight2/ADDERTREE_INTERNAL_Madd34
   optimized to 0
LUT3 		mR/weight2/ADDERTREE_INTERNAL_Madd35
   optimized to 0
LUT3 		mR/weight2/ADDERTREE_INTERNAL_Madd36
   optimized to 0
LUT3 		mR/weight3/ADDERTREE_INTERNAL_Madd11
   optimized to 0
LUT3 		mR/weight3/ADDERTREE_INTERNAL_Madd12
   optimized to 0
LUT3 		mR/weight3/ADDERTREE_INTERNAL_Madd13
   optimized to 0
LUT3 		mR/weight3/ADDERTREE_INTERNAL_Madd14
   optimized to 0
LUT3 		mR/weight3/ADDERTREE_INTERNAL_Madd15
   optimized to 0
LUT3 		mR/weight3/ADDERTREE_INTERNAL_Madd16
   optimized to 0
LUT4 		mR/weight3/ADDERTREE_INTERNAL_Madd1_lut<0>1
   optimized to 0
LUT4 		mR/weight3/ADDERTREE_INTERNAL_Madd1_lut<0>2
   optimized to 0
LUT4 		mR/weight3/ADDERTREE_INTERNAL_Madd1_lut<0>3
   optimized to 0
LUT4 		mR/weight3/ADDERTREE_INTERNAL_Madd1_lut<0>4
   optimized to 0
LUT4 		mR/weight3/ADDERTREE_INTERNAL_Madd1_lut<0>5
   optimized to 0
LUT4 		mR/weight3/ADDERTREE_INTERNAL_Madd1_lut<0>6
   optimized to 0
LUT4 		mR/weight3/ADDERTREE_INTERNAL_Madd1_lut<0>7
   optimized to 0
LUT3 		mR/weight3/ADDERTREE_INTERNAL_Madd31
   optimized to 0
LUT3 		mR/weight3/ADDERTREE_INTERNAL_Madd32
   optimized to 0
LUT3 		mR/weight3/ADDERTREE_INTERNAL_Madd33
   optimized to 0
LUT3 		mR/weight3/ADDERTREE_INTERNAL_Madd34
   optimized to 0
LUT3 		mR/weight3/ADDERTREE_INTERNAL_Madd35
   optimized to 0
LUT3 		mR/weight3/ADDERTREE_INTERNAL_Madd36
   optimized to 0
LUT3 		mR/weight4/ADDERTREE_INTERNAL_Madd11
   optimized to 0
LUT3 		mR/weight4/ADDERTREE_INTERNAL_Madd12
   optimized to 0
LUT3 		mR/weight4/ADDERTREE_INTERNAL_Madd13
   optimized to 0
LUT3 		mR/weight4/ADDERTREE_INTERNAL_Madd14
   optimized to 0
LUT3 		mR/weight4/ADDERTREE_INTERNAL_Madd15
   optimized to 0
LUT3 		mR/weight4/ADDERTREE_INTERNAL_Madd16
   optimized to 0
LUT4 		mR/weight4/ADDERTREE_INTERNAL_Madd1_lut<0>1
   optimized to 0
LUT4 		mR/weight4/ADDERTREE_INTERNAL_Madd1_lut<0>2
   optimized to 0
LUT4 		mR/weight4/ADDERTREE_INTERNAL_Madd1_lut<0>3
   optimized to 0
LUT4 		mR/weight4/ADDERTREE_INTERNAL_Madd1_lut<0>4
   optimized to 0
LUT4 		mR/weight4/ADDERTREE_INTERNAL_Madd1_lut<0>5
   optimized to 0
LUT4 		mR/weight4/ADDERTREE_INTERNAL_Madd1_lut<0>6
   optimized to 0
LUT4 		mR/weight4/ADDERTREE_INTERNAL_Madd1_lut<0>7
   optimized to 0
LUT3 		mR/weight4/ADDERTREE_INTERNAL_Madd31
   optimized to 0
LUT3 		mR/weight4/ADDERTREE_INTERNAL_Madd32
   optimized to 0
LUT3 		mR/weight4/ADDERTREE_INTERNAL_Madd33
   optimized to 0
LUT3 		mR/weight4/ADDERTREE_INTERNAL_Madd34
   optimized to 0
LUT3 		mR/weight4/ADDERTREE_INTERNAL_Madd35
   optimized to 0
LUT3 		mR/weight4/ADDERTREE_INTERNAL_Madd36
   optimized to 0
LUT3 		mR/weight5/ADDERTREE_INTERNAL_Madd11
   optimized to 0
LUT3 		mR/weight5/ADDERTREE_INTERNAL_Madd12
   optimized to 0
LUT3 		mR/weight5/ADDERTREE_INTERNAL_Madd13
   optimized to 0
LUT3 		mR/weight5/ADDERTREE_INTERNAL_Madd14
   optimized to 0
LUT3 		mR/weight5/ADDERTREE_INTERNAL_Madd15
   optimized to 0
LUT3 		mR/weight5/ADDERTREE_INTERNAL_Madd16
   optimized to 0
LUT4 		mR/weight5/ADDERTREE_INTERNAL_Madd1_lut<0>1
   optimized to 0
LUT4 		mR/weight5/ADDERTREE_INTERNAL_Madd1_lut<0>2
   optimized to 0
LUT4 		mR/weight5/ADDERTREE_INTERNAL_Madd1_lut<0>3
   optimized to 0
LUT4 		mR/weight5/ADDERTREE_INTERNAL_Madd1_lut<0>4
   optimized to 0
LUT4 		mR/weight5/ADDERTREE_INTERNAL_Madd1_lut<0>5
   optimized to 0
LUT4 		mR/weight5/ADDERTREE_INTERNAL_Madd1_lut<0>6
   optimized to 0
LUT4 		mR/weight5/ADDERTREE_INTERNAL_Madd1_lut<0>7
   optimized to 0
LUT3 		mR/weight5/ADDERTREE_INTERNAL_Madd31
   optimized to 0
LUT3 		mR/weight5/ADDERTREE_INTERNAL_Madd32
   optimized to 0
LUT3 		mR/weight5/ADDERTREE_INTERNAL_Madd33
   optimized to 0
LUT3 		mR/weight5/ADDERTREE_INTERNAL_Madd34
   optimized to 0
LUT3 		mR/weight5/ADDERTREE_INTERNAL_Madd35
   optimized to 0
LUT3 		mR/weight5/ADDERTREE_INTERNAL_Madd36
   optimized to 0
LUT3 		mR/weight6/ADDERTREE_INTERNAL_Madd11
   optimized to 0
LUT3 		mR/weight6/ADDERTREE_INTERNAL_Madd12
   optimized to 0
LUT3 		mR/weight6/ADDERTREE_INTERNAL_Madd13
   optimized to 0
LUT3 		mR/weight6/ADDERTREE_INTERNAL_Madd14
   optimized to 0
LUT3 		mR/weight6/ADDERTREE_INTERNAL_Madd15
   optimized to 0
LUT3 		mR/weight6/ADDERTREE_INTERNAL_Madd16
   optimized to 0
LUT4 		mR/weight6/ADDERTREE_INTERNAL_Madd1_lut<0>1
   optimized to 0
LUT4 		mR/weight6/ADDERTREE_INTERNAL_Madd1_lut<0>2
   optimized to 0
LUT4 		mR/weight6/ADDERTREE_INTERNAL_Madd1_lut<0>3
   optimized to 0
LUT4 		mR/weight6/ADDERTREE_INTERNAL_Madd1_lut<0>4
   optimized to 0
LUT4 		mR/weight6/ADDERTREE_INTERNAL_Madd1_lut<0>5
   optimized to 0
LUT4 		mR/weight6/ADDERTREE_INTERNAL_Madd1_lut<0>6
   optimized to 0
LUT4 		mR/weight6/ADDERTREE_INTERNAL_Madd1_lut<0>7
   optimized to 0
LUT3 		mR/weight6/ADDERTREE_INTERNAL_Madd31
   optimized to 0
LUT3 		mR/weight6/ADDERTREE_INTERNAL_Madd32
   optimized to 0
LUT3 		mR/weight6/ADDERTREE_INTERNAL_Madd33
   optimized to 0
LUT3 		mR/weight6/ADDERTREE_INTERNAL_Madd34
   optimized to 0
LUT3 		mR/weight6/ADDERTREE_INTERNAL_Madd35
   optimized to 0
LUT3 		mR/weight6/ADDERTREE_INTERNAL_Madd36
   optimized to 0
LUT3 		mR/weight7/ADDERTREE_INTERNAL_Madd11
   optimized to 0
LUT3 		mR/weight7/ADDERTREE_INTERNAL_Madd12
   optimized to 0
LUT3 		mR/weight7/ADDERTREE_INTERNAL_Madd13
   optimized to 0
LUT3 		mR/weight7/ADDERTREE_INTERNAL_Madd14
   optimized to 0
LUT3 		mR/weight7/ADDERTREE_INTERNAL_Madd15
   optimized to 0
LUT3 		mR/weight7/ADDERTREE_INTERNAL_Madd16
   optimized to 0
LUT4 		mR/weight7/ADDERTREE_INTERNAL_Madd1_lut<0>1
   optimized to 0
LUT4 		mR/weight7/ADDERTREE_INTERNAL_Madd1_lut<0>2
   optimized to 0
LUT4 		mR/weight7/ADDERTREE_INTERNAL_Madd1_lut<0>3
   optimized to 0
LUT4 		mR/weight7/ADDERTREE_INTERNAL_Madd1_lut<0>4
   optimized to 0
LUT4 		mR/weight7/ADDERTREE_INTERNAL_Madd1_lut<0>5
   optimized to 0
LUT4 		mR/weight7/ADDERTREE_INTERNAL_Madd1_lut<0>6
   optimized to 0
LUT4 		mR/weight7/ADDERTREE_INTERNAL_Madd1_lut<0>7
   optimized to 0
LUT3 		mR/weight7/ADDERTREE_INTERNAL_Madd31
   optimized to 0
LUT3 		mR/weight7/ADDERTREE_INTERNAL_Madd32
   optimized to 0
LUT3 		mR/weight7/ADDERTREE_INTERNAL_Madd33
   optimized to 0
LUT3 		mR/weight7/ADDERTREE_INTERNAL_Madd34
   optimized to 0
LUT3 		mR/weight7/ADDERTREE_INTERNAL_Madd35
   optimized to 0
LUT3 		mR/weight7/ADDERTREE_INTERNAL_Madd36
   optimized to 0
LUT5 		mR/weightUpdateMod0/multR/Mmult_multRes_Madd3_lut<5>_SW0
   optimized to 0
LUT5 		mR/weightUpdateMod0/multR/Mmult_multRes_Madd3_lut<5>_SW1
   optimized to 1
LUT5 		mR/weightUpdateMod1/multR/Mmult_multRes_Madd3_lut<5>_SW0
   optimized to 0
LUT5 		mR/weightUpdateMod1/multR/Mmult_multRes_Madd3_lut<5>_SW1
   optimized to 1
LUT3 		t/weight0/ADDERTREE_INTERNAL_Madd35
   optimized to 0
LUT3 		t/weight0/ADDERTREE_INTERNAL_Madd36
   optimized to 0
LUT3 		t/weight1/ADDERTREE_INTERNAL_Madd35
   optimized to 0
LUT3 		t/weight1/ADDERTREE_INTERNAL_Madd36
   optimized to 0
LUT3 		t/weight2/ADDERTREE_INTERNAL_Madd35
   optimized to 0
LUT3 		t/weight2/ADDERTREE_INTERNAL_Madd36
   optimized to 0
LUT3 		t/weight3/ADDERTREE_INTERNAL_Madd11
   optimized to 0
LUT3 		t/weight3/ADDERTREE_INTERNAL_Madd12
   optimized to 0
LUT3 		t/weight3/ADDERTREE_INTERNAL_Madd13
   optimized to 0
LUT3 		t/weight3/ADDERTREE_INTERNAL_Madd14
   optimized to 0
LUT3 		t/weight3/ADDERTREE_INTERNAL_Madd15
   optimized to 0
LUT3 		t/weight3/ADDERTREE_INTERNAL_Madd16
   optimized to 0
LUT4 		t/weight3/ADDERTREE_INTERNAL_Madd1_lut<0>1
   optimized to 0
LUT4 		t/weight3/ADDERTREE_INTERNAL_Madd1_lut<0>2
   optimized to 0
LUT4 		t/weight3/ADDERTREE_INTERNAL_Madd1_lut<0>3
   optimized to 0
LUT4 		t/weight3/ADDERTREE_INTERNAL_Madd1_lut<0>4
   optimized to 0
LUT4 		t/weight3/ADDERTREE_INTERNAL_Madd1_lut<0>5
   optimized to 0
LUT4 		t/weight3/ADDERTREE_INTERNAL_Madd1_lut<0>6
   optimized to 0
LUT4 		t/weight3/ADDERTREE_INTERNAL_Madd1_lut<0>7
   optimized to 0
LUT3 		t/weight3/ADDERTREE_INTERNAL_Madd31
   optimized to 0
LUT3 		t/weight3/ADDERTREE_INTERNAL_Madd32
   optimized to 0
LUT3 		t/weight3/ADDERTREE_INTERNAL_Madd33
   optimized to 0
LUT3 		t/weight3/ADDERTREE_INTERNAL_Madd34
   optimized to 0
LUT3 		t/weight3/ADDERTREE_INTERNAL_Madd35
   optimized to 0
LUT3 		t/weight3/ADDERTREE_INTERNAL_Madd36
   optimized to 0
LUT3 		t/weight4/ADDERTREE_INTERNAL_Madd11
   optimized to 0
LUT3 		t/weight4/ADDERTREE_INTERNAL_Madd12
   optimized to 0
LUT3 		t/weight4/ADDERTREE_INTERNAL_Madd13
   optimized to 0
LUT3 		t/weight4/ADDERTREE_INTERNAL_Madd14
   optimized to 0
LUT3 		t/weight4/ADDERTREE_INTERNAL_Madd15
   optimized to 0
LUT3 		t/weight4/ADDERTREE_INTERNAL_Madd16
   optimized to 0
LUT4 		t/weight4/ADDERTREE_INTERNAL_Madd1_lut<0>1
   optimized to 0
LUT4 		t/weight4/ADDERTREE_INTERNAL_Madd1_lut<0>2
   optimized to 0
LUT4 		t/weight4/ADDERTREE_INTERNAL_Madd1_lut<0>3
   optimized to 0
LUT4 		t/weight4/ADDERTREE_INTERNAL_Madd1_lut<0>4
   optimized to 0
LUT4 		t/weight4/ADDERTREE_INTERNAL_Madd1_lut<0>5
   optimized to 0
LUT4 		t/weight4/ADDERTREE_INTERNAL_Madd1_lut<0>6
   optimized to 0
LUT4 		t/weight4/ADDERTREE_INTERNAL_Madd1_lut<0>7
   optimized to 0
LUT3 		t/weight4/ADDERTREE_INTERNAL_Madd31
   optimized to 0
LUT3 		t/weight4/ADDERTREE_INTERNAL_Madd32
   optimized to 0
LUT3 		t/weight4/ADDERTREE_INTERNAL_Madd33
   optimized to 0
LUT3 		t/weight4/ADDERTREE_INTERNAL_Madd34
   optimized to 0
LUT3 		t/weight4/ADDERTREE_INTERNAL_Madd35
   optimized to 0
LUT3 		t/weight4/ADDERTREE_INTERNAL_Madd36
   optimized to 0
LUT3 		t/weight5/ADDERTREE_INTERNAL_Madd11
   optimized to 0
LUT3 		t/weight5/ADDERTREE_INTERNAL_Madd12
   optimized to 0
LUT3 		t/weight5/ADDERTREE_INTERNAL_Madd13
   optimized to 0
LUT3 		t/weight5/ADDERTREE_INTERNAL_Madd14
   optimized to 0
LUT3 		t/weight5/ADDERTREE_INTERNAL_Madd15
   optimized to 0
LUT3 		t/weight5/ADDERTREE_INTERNAL_Madd16
   optimized to 0
LUT4 		t/weight5/ADDERTREE_INTERNAL_Madd1_lut<0>1
   optimized to 0
LUT4 		t/weight5/ADDERTREE_INTERNAL_Madd1_lut<0>2
   optimized to 0
LUT4 		t/weight5/ADDERTREE_INTERNAL_Madd1_lut<0>3
   optimized to 0
LUT4 		t/weight5/ADDERTREE_INTERNAL_Madd1_lut<0>4
   optimized to 0
LUT4 		t/weight5/ADDERTREE_INTERNAL_Madd1_lut<0>5
   optimized to 0
LUT4 		t/weight5/ADDERTREE_INTERNAL_Madd1_lut<0>6
   optimized to 0
LUT4 		t/weight5/ADDERTREE_INTERNAL_Madd1_lut<0>7
   optimized to 0
LUT3 		t/weight5/ADDERTREE_INTERNAL_Madd31
   optimized to 0
LUT3 		t/weight5/ADDERTREE_INTERNAL_Madd32
   optimized to 0
LUT3 		t/weight5/ADDERTREE_INTERNAL_Madd33
   optimized to 0
LUT3 		t/weight5/ADDERTREE_INTERNAL_Madd34
   optimized to 0
LUT3 		t/weight5/ADDERTREE_INTERNAL_Madd35
   optimized to 0
LUT3 		t/weight5/ADDERTREE_INTERNAL_Madd36
   optimized to 0
LUT3 		t/weight6/ADDERTREE_INTERNAL_Madd11
   optimized to 0
LUT3 		t/weight6/ADDERTREE_INTERNAL_Madd12
   optimized to 0
LUT3 		t/weight6/ADDERTREE_INTERNAL_Madd13
   optimized to 0
LUT3 		t/weight6/ADDERTREE_INTERNAL_Madd14
   optimized to 0
LUT3 		t/weight6/ADDERTREE_INTERNAL_Madd15
   optimized to 0
LUT3 		t/weight6/ADDERTREE_INTERNAL_Madd16
   optimized to 0
LUT4 		t/weight6/ADDERTREE_INTERNAL_Madd1_lut<0>1
   optimized to 0
LUT4 		t/weight6/ADDERTREE_INTERNAL_Madd1_lut<0>2
   optimized to 0
LUT4 		t/weight6/ADDERTREE_INTERNAL_Madd1_lut<0>3
   optimized to 0
LUT4 		t/weight6/ADDERTREE_INTERNAL_Madd1_lut<0>4
   optimized to 0
LUT4 		t/weight6/ADDERTREE_INTERNAL_Madd1_lut<0>5
   optimized to 0
LUT4 		t/weight6/ADDERTREE_INTERNAL_Madd1_lut<0>6
   optimized to 0
LUT4 		t/weight6/ADDERTREE_INTERNAL_Madd1_lut<0>7
   optimized to 0
LUT3 		t/weight6/ADDERTREE_INTERNAL_Madd31
   optimized to 0
LUT3 		t/weight6/ADDERTREE_INTERNAL_Madd32
   optimized to 0
LUT3 		t/weight6/ADDERTREE_INTERNAL_Madd33
   optimized to 0
LUT3 		t/weight6/ADDERTREE_INTERNAL_Madd34
   optimized to 0
LUT3 		t/weight6/ADDERTREE_INTERNAL_Madd35
   optimized to 0
LUT3 		t/weight6/ADDERTREE_INTERNAL_Madd36
   optimized to 0
LUT3 		t/weight7/ADDERTREE_INTERNAL_Madd11
   optimized to 0
LUT3 		t/weight7/ADDERTREE_INTERNAL_Madd12
   optimized to 0
LUT3 		t/weight7/ADDERTREE_INTERNAL_Madd13
   optimized to 0
LUT3 		t/weight7/ADDERTREE_INTERNAL_Madd14
   optimized to 0
LUT3 		t/weight7/ADDERTREE_INTERNAL_Madd15
   optimized to 0
LUT3 		t/weight7/ADDERTREE_INTERNAL_Madd16
   optimized to 0
LUT4 		t/weight7/ADDERTREE_INTERNAL_Madd1_lut<0>1
   optimized to 0
LUT4 		t/weight7/ADDERTREE_INTERNAL_Madd1_lut<0>2
   optimized to 0
LUT4 		t/weight7/ADDERTREE_INTERNAL_Madd1_lut<0>3
   optimized to 0
LUT4 		t/weight7/ADDERTREE_INTERNAL_Madd1_lut<0>4
   optimized to 0
LUT4 		t/weight7/ADDERTREE_INTERNAL_Madd1_lut<0>5
   optimized to 0
LUT4 		t/weight7/ADDERTREE_INTERNAL_Madd1_lut<0>6
   optimized to 0
LUT4 		t/weight7/ADDERTREE_INTERNAL_Madd1_lut<0>7
   optimized to 0
LUT3 		t/weight7/ADDERTREE_INTERNAL_Madd31
   optimized to 0
LUT3 		t/weight7/ADDERTREE_INTERNAL_Madd32
   optimized to 0
LUT3 		t/weight7/ADDERTREE_INTERNAL_Madd33
   optimized to 0
LUT3 		t/weight7/ADDERTREE_INTERNAL_Madd34
   optimized to 0
LUT3 		t/weight7/ADDERTREE_INTERNAL_Madd35
   optimized to 0
LUT3 		t/weight7/ADDERTREE_INTERNAL_Madd36
   optimized to 0

To enable printing of redundant blocks removed and signals merged, set the
detailed map report option and rerun map.

Section 6 - IOB Properties
--------------------------

+---------------------------------------------------------------------------------------------------------------------------------------------------------+
| IOB Name                           | Type             | Direction | IO Standard          | Diff  | Drive    | Slew | Reg (s)      | Resistor | IOB      |
|                                    |                  |           |                      | Term  | Strength | Rate |              |          | Delay    |
+---------------------------------------------------------------------------------------------------------------------------------------------------------+
| Input<0>                           | IOB              | INPUT     | LVCMOS25             |       |          |      | IFF          |          |          |
| Input<1>                           | IOB              | INPUT     | LVCMOS25             |       |          |      | IFF          |          |          |
| Output<0>                          | IOB              | OUTPUT    | LVCMOS25             |       | 12       | SLOW |              |          |          |
| Output<1>                          | IOB              | OUTPUT    | LVCMOS25             |       | 12       | SLOW |              |          |          |
| Output<2>                          | IOB              | OUTPUT    | LVCMOS25             |       | 12       | SLOW |              |          |          |
| Output<3>                          | IOB              | OUTPUT    | LVCMOS25             |       | 12       | SLOW |              |          |          |
| Output<4>                          | IOB              | OUTPUT    | LVCMOS25             |       | 12       | SLOW |              |          |          |
| clk                                | IOB              | INPUT     | LVCMOS25             |       |          |      |              |          |          |
| corrOut<0>                         | IOB              | INPUT     | LVCMOS25             |       |          |      | IFF          |          |          |
| corrOut<1>                         | IOB              | INPUT     | LVCMOS25             |       |          |      | IFF          |          |          |
| corrOut<2>                         | IOB              | INPUT     | LVCMOS25             |       |          |      | IFF          |          |          |
| corrOut<3>                         | IOB              | INPUT     | LVCMOS25             |       |          |      | IFF          |          |          |
| corrOut<4>                         | IOB              | INPUT     | LVCMOS25             |       |          |      | IFF          |          |          |
| update                             | IOB              | INPUT     | LVCMOS25             |       |          |      |              |          |          |
+---------------------------------------------------------------------------------------------------------------------------------------------------------+

Section 7 - RPMs
----------------

Section 8 - Guide Report
------------------------
Guide not run on this design.

Section 9 - Area Group and Partition Summary
--------------------------------------------

Partition Implementation Status
-------------------------------

  No Partitions were found in this design.

-------------------------------

Area Group Information
----------------------

  No area groups were found in this design.

----------------------

Section 10 - Timing Report
--------------------------
A logic-level (pre-route) timing report can be generated by using Xilinx static
timing analysis tools, Timing Analyzer (GUI) or TRCE (command line), with the
mapped NCD and PCF files. Please note that this timing report will be generated
using estimated delay information. For accurate numbers, please generate a
timing report with the post Place and Route NCD file.

For more information about the Timing Analyzer, consult the Xilinx Timing
Analyzer Reference Manual; for more information about TRCE, consult the Xilinx
Command Line Tools User Guide "TRACE" chapter.

Section 11 - Configuration String Details
-----------------------------------------
Use the "-detail" map option to print out Configuration Strings

Section 12 - Control Set Information
------------------------------------
Use the "-detail" map option to print out Control Set Information.

Section 13 - Utilization by Hierarchy
-------------------------------------
Use the "-detail" map option to print out the Utilization by Hierarchy section.
